Chyba pri funkcii createContactInfo
Chyba pri funkcii createContactInfo
Chyba pri funkcii updateAdhesiveWeight, získanie informácií z databázy zlyhalo
Chyba pri funkcii updateAdhesiveWeight, získanie informácií z databázy zlyhalo
Chyba pri funkcii updateAdhesiveWeight, získanie informácií z databázy zlyhalo
Chyba pri funkcii updateAdhesiveWeight, získanie informácií z databázy zlyhalo
Chyba pri funkcii updateAdhesiveWeight, získanie informácií z databázy zlyhalo
Chyba pri funkcii createTireAdvertisement
Chyba pri funkcii createTireAdvertisement
Chyba pri funkcii createTireAdvertisement
Chyba pri funkcii createTireAdvertisement
Chyba pri funkcii createWheelAdvertisement
Chyba pri funkcii createWheelAdvertisement
Chyba pri funkcii createWheelAdvertisement
Chyba pri funkcii createWheelAdvertisement
Chyba pri funkcii createWheelAdvertisement
Chyba pri funkcii createWheelAdvertisement
Chyba pri funkcii createWheelAdvertisement
Chyba pri funkcii updateCarStatusAdvertisement, získanie informácií z databázy zlyhalo
Chyba pri funkcii updateCarStatusAdvertisement, získanie informácií z databázy zlyhalo
Chyba pri funkcii updateCarStatusAdvertisement, získanie informácií z databázy zlyhalo
Chyba pri funkcii createCarAdvertisement
Chyba pri funkcii updateContactInfo, získanie informácií z databázy zlyhalo
Chyba pri funkcii updateContactInfo, získanie informácií z databázy zlyhalo
Chyba pri funkcii updateContactInfo, získanie informácií z databázy zlyhalo
Chyba pri funkcii updateContactInfo, získanie informácií z databázy zlyhalo
Chyba pri funkcii updateContactInfo, získanie informácií z databázy zlyhalo
